Arguments: 
  /home/kamyl/.nvm/versions/node/v8.0.0/bin/node /usr/share/yarn/bin/yarn.js add express

PATH: 
  /home/kamyl/.nvm/versions/node/v8.0.0/bin:/home/kamyl/bin:/home/kamyl/.local/bin:/usr/local/sbin:/usr/local/bin:/usr/sbin:/usr/bin:/sbin:/bin:/usr/games:/usr/local/games:/snap/bin

Yarn version: 
  0.27.5

Node version: 
  8.0.0

Platform: 
  linux x64

npm manifest: 
  {
    "name": "url-shortener",
    "version": "1.0.0",
    "description": "url-shortener for FCC backend cert",
    "main": "app.js",
    "repository": "https://github.com/KamilCybulski/FCC-backend-projects.git",
    "author": "kamyl",
    "license": "MIT"
  }

yarn manifest: 
  No manifest

Lockfile: 
  No lockfile

Trace: 
  Error: getaddrinfo EAI_AGAIN registry.yarnpkg.com:443
      at Object.exports._errnoException (util.js:1026:11)
      at errnoException (dns.js:55:15)
      at GetAddrInfoReqWrap.onlookup [as oncomplete] (dns.js:95:26)
